<?xml version="1.0" encoding="UTF-8"?>
<!-- Generated by org.testng.reporters.JUnitReportReporter -->
<testsuite hostname="ATMECSINLT-028" failures="0" tests="1" name="com.atmecs.insurance.test.Policy" time="0.006" errors="0" timestamp="2019-11-25T19:02:37 IST" skipped="0">
  <testcase classname="com.atmecs.insurance.test.Policy" name="enterInput" time="0.006"/>
</testsuite> <!-- com.atmecs.insurance.test.Policy -->
