<?xml version="1.0" encoding="UTF-8"?>
<!-- Generated by org.testng.reporters.JUnitReportReporter -->
<testsuite hostname="ATMECSINLT-028" failures="0" tests="1" name="com.atmecs.test.test" time="1.805" errors="0" timestamp="2019-11-26T16:07:31 IST" skipped="0">
  <testcase classname="com.atmecs.test.test" name="testDate" time="1.805"/>
</testsuite> <!-- com.atmecs.test.test -->
