<?xml version="1.0" encoding="UTF-8"?>
<!-- Generated by org.testng.reporters.JUnitReportReporter -->
<testsuite hostname="ATMECSINLT-028" failures="0" tests="1" name="com.atmecs.test.PolicyEffectiveDateTest" time="1.751" errors="0" timestamp="2019-11-26T18:55:56 IST" skipped="0">
  <testcase classname="com.atmecs.test.PolicyEffectiveDateTest" name="testDate" time="1.751"/>
</testsuite> <!-- com.atmecs.test.PolicyEffectiveDateTest -->
