<?xml version="1.0" encoding="UTF-8"?>
<!-- Generated by org.testng.reporters.JUnitReportReporter -->
<testsuite hostname="ATMECSINLT-028" failures="0" tests="1" name="com.atmecs.insurance.test.PolicyEffectiveDate" time="0.537" errors="0" timestamp="2019-11-25T19:26:52 IST" skipped="0">
  <testcase classname="com.atmecs.insurance.test.PolicyEffectiveDate" name="enterInput" time="0.537"/>
</testsuite> <!-- com.atmecs.insurance.test.PolicyEffectiveDate -->
